# JRE version: Java(TM) SE Runtime Environment (16.0.2+7) (build 16.0.2+7-67)
# Java VM: Java HotSpot(TM) 64-Bit Server VM (16.0.2+7-67, mixed mode, sharing, tiered, compressed oops, compressed class ptrs, g1 gc, windows-amd64)
GC Precious Log:
 CPUs: 4 total, 4 available
 Memory: 8068M
 Large Page Support: Disabled
 NUMA Support: Disabled
 Compressed Oops: Enabled (32-bit)
 Heap Region Size: 1M
 Heap Min Capacity: 8M
 Heap Initial Capacity: 128M
 Heap Max Capacity: 2018M
 Pre-touch: Disabled
 Parallel Workers: 4
 Concurrent Workers: 1
 Concurrent Refinement Workers: 4
 Periodic GC: Disabled
Heap:
 garbage-first heap   total 386048K, used 240089K [0x0000000081e00000, 0x0000000100000000)
  region size 1024K, 124 young (126976K), 3 survivors (3072K)
 Metaspace       used 7071K, committed 7232K, reserved 1064960K
  class space    used 432K, committed 512K, reserved 1048576K
GC Heap History (20 events):
Event: 3.180 GC heap before
{Heap before GC invocations=8 (full 0):
 garbage-first heap   total 399360K, used 146432K [0x0000000081e00000, 0x0000000100000000)
  region size 1024K, 35 young (35840K), 2 survivors (2048K)
 Metaspace       used 6323K, committed 6464K, reserved 1056768K
  class space    used 416K, committed 512K, reserved 1048576K
}
Event: 3.185 GC heap after
{Heap after GC invocations=9 (full 0):
 garbage-first heap   total 399360K, used 118135K [0x0000000081e00000, 0x0000000100000000)
  region size 1024K, 5 young (5120K), 5 survivors (5120K)
 Metaspace       used 6323K, committed 6464K, reserved 1056768K
  class space    used 416K, committed 512K, reserved 1048576K
}
Event: 3.241 GC heap before
{Heap before GC invocations=9 (full 0):
 garbage-first heap   total 399360K, used 164215K [0x0000000081e00000, 0x0000000100000000)
  region size 1024K, 50 young (51200K), 5 survivors (5120K)
 Metaspace       used 6337K, committed 6528K, reserved 1056768K
  class space    used 416K, committed 512K, reserved 1048576K
}
Event: 3.244 GC heap after
{Heap after GC invocations=10 (full 0):
 garbage-first heap   total 399360K, used 118863K [0x0000000081e00000, 0x0000000100000000)
  region size 1024K, 4 young (4096K), 4 survivors (4096K)
 Metaspace       used 6337K, committed 6528K, reserved 1056768K
  class space    used 416K, committed 512K, reserved 1048576K
}
Event: 3.319 GC heap before
{Heap before GC invocations=10 (full 0):
 garbage-first heap   total 399360K, used 194639K [0x0000000081e00000, 0x0000000100000000)
  region size 1024K, 78 young (79872K), 4 survivors (4096K)
 Metaspace       used 6337K, committed 6528K, reserved 1056768K
  class space    used 416K, committed 512K, reserved 1048576K
}
Event: 3.321 GC heap after
{Heap after GC invocations=11 (full 0):
 garbage-first heap   total 399360K, used 118765K [0x0000000081e00000, 0x0000000100000000)
  region size 1024K, 4 young (4096K), 4 survivors (4096K)
 Metaspace       used 6337K, committed 6528K, reserved 1056768K
  class space    used 416K, committed 512K, reserved 1048576K
}
Event: 3.427 GC heap before
{Heap before GC invocations=11 (full 0):
 garbage-first heap   total 399360K, used 234477K [0x0000000081e00000, 0x0000000100000000)
  region size 1024K, 117 young (119808K), 4 survivors (4096K)
 Metaspace       used 6337K, committed 6528K, reserved 1056768K
  class space    used 416K, committed 512K, reserved 1048576K
}
Event: 3.429 GC heap after
{Heap after GC invocations=12 (full 0):
 garbage-first heap   total 399360K, used 118661K [0x0000000081e00000, 0x0000000100000000)
  region size 1024K, 4 young (4096K), 4 survivors (4096K)
 Metaspace       used 6337K, committed 6528K, reserved 1056768K
  class space    used 416K, committed 512K, reserved 1048576K
}
Event: 3.590 GC heap before
{Heap before GC invocations=12 (full 0):
 garbage-first heap   total 399360K, used 290693K [0x0000000081e00000, 0x0000000100000000)
  region size 1024K, 172 young (176128K), 4 survivors (4096K)
 Metaspace       used 6337K, committed 6528K, reserved 1056768K
  class space    used 416K, committed 512K, reserved 1048576K
}
Event: 3.592 GC heap after
{Heap after GC invocations=13 (full 0):
 garbage-first heap   total 399360K, used 118880K [0x0000000081e00000, 0x0000000100000000)
  region size 1024K, 4 young (4096K), 4 survivors (4096K)
 Metaspace       used 6337K, committed 6528K, reserved 1056768K
  class space    used 416K, committed 512K, reserved 1048576K
}
Event: 3.738 GC heap before
{Heap before GC invocations=13 (full 0):
 garbage-first heap   total 399360K, used 305248K [0x0000000081e00000, 0x0000000100000000)
  region size 1024K, 186 young (190464K), 4 survivors (4096K)
 Metaspace       used 6337K, committed 6528K, reserved 1056768K
  class space    used 416K, committed 512K, reserved 1048576K
}
Event: 3.740 GC heap after
{Heap after GC invocations=14 (full 0):
 garbage-first heap   total 399360K, used 118579K [0x0000000081e00000, 0x0000000100000000)
  region size 1024K, 4 young (4096K), 4 survivors (4096K)
 Metaspace       used 6337K, committed 6528K, reserved 1056768K
  class space    used 416K, committed 512K, reserved 1048576K
}
Event: 3.858 GC heap before
{Heap before GC invocations=14 (full 0):
 garbage-first heap   total 399360K, used 273203K [0x0000000081e00000, 0x0000000100000000)
  region size 1024K, 156 young (159744K), 4 survivors (4096K)
 Metaspace       used 6338K, committed 6528K, reserved 1056768K
  class space    used 416K, committed 512K, reserved 1048576K
}
Event: 3.942 GC heap after
{Heap after GC invocations=15 (full 1):
 garbage-first heap   total 386048K, used 114137K [0x0000000081e00000, 0x0000000100000000)
  region size 1024K, 0 young (0K), 0 survivors (0K)
 Metaspace       used 6338K, committed 6528K, reserved 1056768K
  class space    used 416K, committed 512K, reserved 1048576K
}
Event: 14.809 GC heap before
{Heap before GC invocations=15 (full 1):
 garbage-first heap   total 386048K, used 303577K [0x0000000081e00000, 0x0000000100000000)
  region size 1024K, 185 young (189440K), 0 survivors (0K)
 Metaspace       used 7011K, committed 7168K, reserved 1064960K
  class space    used 431K, committed 512K, reserved 1048576K
}
Event: 14.810 GC heap after
{Heap after GC invocations=16 (full 1):
 garbage-first heap   total 386048K, used 115311K [0x0000000081e00000, 0x0000000100000000)
  region size 1024K, 2 young (2048K), 2 survivors (2048K)
 Metaspace       used 7011K, committed 7168K, reserved 1064960K
  class space    used 431K, committed 512K, reserved 1048576K
}
Event: 23.057 GC heap before
{Heap before GC invocations=16 (full 1):
 garbage-first heap   total 386048K, used 308847K [0x0000000081e00000, 0x0000000100000000)
  region size 1024K, 191 young (195584K), 2 survivors (2048K)
 Metaspace       used 7025K, committed 7168K, reserved 1064960K
  class space    used 431K, committed 512K, reserved 1048576K
}
Event: 23.060 GC heap after
{Heap after GC invocations=17 (full 1):
 garbage-first heap   total 386048K, used 116260K [0x0000000081e00000, 0x0000000100000000)
  region size 1024K, 3 young (3072K), 3 survivors (3072K)
 Metaspace       used 7025K, committed 7168K, reserved 1064960K
  class space    used 431K, committed 512K, reserved 1048576K
}
Event: 112.320 GC heap before
{Heap before GC invocations=17 (full 1):
 garbage-first heap   total 386048K, used 316964K [0x0000000081e00000, 0x0000000100000000)
  region size 1024K, 199 young (203776K), 3 survivors (3072K)
 Metaspace       used 7057K, committed 7168K, reserved 1064960K
  class space    used 432K, committed 512K, reserved 1048576K
}
Event: 112.325 GC heap after
{Heap after GC invocations=18 (full 1):
 garbage-first heap   total 386048K, used 117209K [0x0000000081e00000, 0x0000000100000000)
  region size 1024K, 3 young (3072K), 3 survivors (3072K)
 Metaspace       used 7057K, committed 7168K, reserved 1064960K
  class space    used 432K, committed 512K, reserved 1048576K
}

